<?xml version="1.0" encoding="UTF-8"?>
<testsuite name="assignment2.LamportClockTest" tests="4" skipped="0" failures="0" errors="0" timestamp="2025-09-14T17:54:43.273Z" hostname="Sandeeps-MacBook-Air.local" time="0.002">
  <properties/>
  <testcase name="testConcurrentUpdates" classname="assignment2.LamportClockTest" time="0.001"/>
  <testcase name="testTickIncreasesTime" classname="assignment2.LamportClockTest" time="0.0"/>
  <testcase name="testUpdateSetsToMaxPlusOne" classname="assignment2.LamportClockTest" time="0.001"/>
  <testcase name="testInitialClockIsZero" classname="assignment2.LamportClockTest" time="0.0"/>
  <system-out><![CDATA[]]></system-out>
  <system-err><![CDATA[]]></system-err>
</testsuite>
