<?xml version="1.0" encoding="UTF-8"?>
<testsuite name="assignment2.GETClientTest" tests="3" skipped="0" failures="0" errors="0" timestamp="2025-09-14T17:54:43.266Z" hostname="Sandeeps-MacBook-Air.local" time="0.006">
  <properties/>
  <testcase name="testGetClientServerErrorResponse" classname="assignment2.GETClientTest" time="0.002"/>
  <testcase name="testGetClientSuccess" classname="assignment2.GETClientTest" time="0.002"/>
  <testcase name="testGetClientEmptyResponse" classname="assignment2.GETClientTest" time="0.001"/>
  <system-out><![CDATA[]]></system-out>
  <system-err><![CDATA[]]></system-err>
</testsuite>
