<?xml version="1.0" encoding="UTF-8"?>
<testsuite name="assignment2.ContentServerTest" tests="2" skipped="0" failures="0" errors="0" timestamp="2025-09-14T17:54:43.256Z" hostname="Sandeeps-MacBook-Air.local" time="0.008">
  <properties/>
  <testcase name="testContentServerValidDataSendsPut" classname="assignment2.ContentServerTest" time="0.007"/>
  <testcase name="testContentServerRejectsMissingId" classname="assignment2.ContentServerTest" time="0.001"/>
  <system-out><![CDATA[]]></system-out>
  <system-err><![CDATA[]]></system-err>
</testsuite>
