<?xml version="1.0" encoding="UTF-8"?>
<testsuite name="assignment2.WeatherRecordTest" tests="1" skipped="0" failures="0" errors="0" timestamp="2025-09-14T17:54:43.276Z" hostname="Sandeeps-MacBook-Air.local" time="0.0">
  <properties/>
  <testcase name="testCreateWeatherRecord" classname="assignment2.WeatherRecordTest" time="0.0"/>
  <system-out><![CDATA[]]></system-out>
  <system-err><![CDATA[]]></system-err>
</testsuite>
